<?xml version="1.0" encoding="UTF-8"?>
<!-- Generated by org.testng.reporters.JUnitXMLReporter -->
<testsuite ignored="0" hostname="Jagan" failures="1" tests="6" name="Surefire test" time="0.835" errors="0" timestamp="2025-06-06T21:18:44 IST">
  <testcase classname="testFiles.Test3" name="test3Method1" time="0.014"/>
  <testcase classname="testFiles.Test3" name="test3Method2" time="0.0"/>
  <testcase classname="testFiles.Test3" name="test3Method3" time="0.002"/>
  <testcase classname="testFiles.Test3" name="test3Method4" time="0.003"/>
  <testcase classname="testFiles.Test3" name="test3Method5" time="0.001"/>
  <testcase classname="testFiles.Test3" name="test3Method6" time="0.008">
    <skipped/>
  </testcase> <!-- test3Method6 -->
</testsuite> <!-- Surefire test -->
