<?xml version="1.0" encoding="UTF-8"?>
<!-- Generated by org.testng.reporters.JUnitXMLReporter -->
<testsuite ignored="2" hostname="Jagan" failures="0" tests="1" name="Default test" time="0.097" errors="0" timestamp="2025-06-02T22:15:42 IST">
  <testcase classname="testFiles.Test1" name="testMethod3" time="0.017"/>
  <testcase classname="testFiles.Test1" name="testMethod2" time="0.0">
    <ignored/>
  </testcase> <!-- testMethod2 -->
  <testcase classname="testFiles.Test1" name="testMethod1" time="0.0">
    <ignored/>
  </testcase> <!-- testMethod1 -->
</testsuite> <!-- Default test -->
