<?xml version="1.0" encoding="UTF-8"?>
<testng-results ignored="0" total="6" passed="5" failed="0" skipped="1">
  <reporter-output>
  </reporter-output>
  <suite started-at="2025-06-06T21:18:43 IST" name="Surefire suite" finished-at="2025-06-06T21:18:44 IST" duration-ms="835">
    <groups>
      <group name="regression">
        <method signature="Test3.test3Method3()[pri:0, instance:testFiles.Test3@3967e60c]" name="test3Method3" class="testFiles.Test3"/>
      </group> <!-- regression -->
      <group name="smoke">
        <method signature="Test3.test3Method1()[pri:0, instance:testFiles.Test3@3967e60c]" name="test3Method1" class="testFiles.Test3"/>
        <method signature="Test3.test3Method4()[pri:0, instance:testFiles.Test3@3967e60c]" name="test3Method4" class="testFiles.Test3"/>
        <method signature="Test3.test3Method5()[pri:0, instance:testFiles.Test3@3967e60c]" name="test3Method5" class="testFiles.Test3"/>
      </group> <!-- smoke -->
      <group name="sanity">
        <method signature="Test3.test3Method2()[pri:0, instance:testFiles.Test3@3967e60c]" name="test3Method2" class="testFiles.Test3"/>
        <method signature="Test3.test3Method6()[pri:0, instance:testFiles.Test3@3967e60c]" name="test3Method6" class="testFiles.Test3"/>
      </group> <!-- sanity -->
    </groups>
    <test started-at="2025-06-06T21:18:43 IST" name="Surefire test" finished-at="2025-06-06T21:18:44 IST" duration-ms="835">
      <class name="testFiles.Test3">
        <test-method signature="test3Method1()[pri:0, instance:testFiles.Test3@3967e60c]" started-at="2025-06-06T21:18:43 IST" name="test3Method1" finished-at="2025-06-06T21:18:43 IST" duration-ms="14" status="PASS">
          <reporter-output>
          </reporter-output>
        </test-method> <!-- test3Method1 -->
        <test-method signature="test3Method2()[pri:0, instance:testFiles.Test3@3967e60c]" started-at="2025-06-06T21:18:44 IST" name="test3Method2" finished-at="2025-06-06T21:18:44 IST" duration-ms="0" status="PASS">
          <reporter-output>
          </reporter-output>
        </test-method> <!-- test3Method2 -->
        <test-method signature="test3Method3()[pri:0, instance:testFiles.Test3@3967e60c]" started-at="2025-06-06T21:18:44 IST" name="test3Method3" finished-at="2025-06-06T21:18:44 IST" duration-ms="2" status="PASS">
          <reporter-output>
          </reporter-output>
        </test-method> <!-- test3Method3 -->
        <test-method signature="test3Method4()[pri:0, instance:testFiles.Test3@3967e60c]" started-at="2025-06-06T21:18:44 IST" name="test3Method4" finished-at="2025-06-06T21:18:44 IST" duration-ms="3" status="PASS">
          <reporter-output>
          </reporter-output>
        </test-method> <!-- test3Method4 -->
        <test-method signature="test3Method5()[pri:0, instance:testFiles.Test3@3967e60c]" started-at="2025-06-06T21:18:44 IST" name="test3Method5" finished-at="2025-06-06T21:18:44 IST" duration-ms="1" status="PASS">
          <reporter-output>
          </reporter-output>
        </test-method> <!-- test3Method5 -->
        <test-method signature="test3Method6()[pri:0, instance:testFiles.Test3@3967e60c]" started-at="2025-06-06T21:18:44 IST" name="test3Method6" finished-at="2025-06-06T21:18:44 IST" duration-ms="8" status="SKIP">
          <exception class="junit.framework.AssertionFailedError">
            <full-stacktrace>
              <![CDATA[junit.framework.AssertionFailedError
at junit.framework.Assert.fail(Assert.java:47)
at junit.framework.Assert.fail(Assert.java:53)
at testFiles.Test3.test3Method6(Test3.java:38)
at java.base/jdk.internal.reflect.DirectMethodHandleAccessor.invoke(DirectMethodHandleAccessor.java:103)
at java.base/java.lang.reflect.Method.invoke(Method.java:580)
at org.testng.internal.invokers.MethodInvocationHelper.invokeMethod(MethodInvocationHelper.java:141)
at org.testng.internal.invokers.TestInvoker.invokeMethod(TestInvoker.java:687)
at org.testng.internal.invokers.TestInvoker.invokeTestMethod(TestInvoker.java:230)
at org.testng.internal.invokers.MethodRunner.runInSequence(MethodRunner.java:63)
at org.testng.internal.invokers.TestInvoker$MethodInvocationAgent.invoke(TestInvoker.java:995)
at org.testng.internal.invokers.TestInvoker.invokeTestMethods(TestInvoker.java:203)
at org.testng.internal.invokers.TestMethodWorker.invokeTestMethods(TestMethodWorker.java:154)
at org.testng.internal.invokers.TestMethodWorker.run(TestMethodWorker.java:134)
at java.base/java.util.ArrayList.forEach(ArrayList.java:1596)
at org.testng.TestRunner.privateRun(TestRunner.java:741)
at org.testng.TestRunner.run(TestRunner.java:616)
at org.testng.SuiteRunner.runTest(SuiteRunner.java:421)
at org.testng.SuiteRunner.runSequentially(SuiteRunner.java:413)
at org.testng.SuiteRunner.privateRun(SuiteRunner.java:373)
at org.testng.SuiteRunner.run(SuiteRunner.java:312)
at org.testng.SuiteRunnerWorker.runSuite(SuiteRunnerWorker.java:52)
at org.testng.SuiteRunnerWorker.run(SuiteRunnerWorker.java:95)
at org.testng.TestNG.runSuitesSequentially(TestNG.java:1274)
at org.testng.TestNG.runSuitesLocally(TestNG.java:1208)
at org.testng.TestNG.runSuites(TestNG.java:1112)
at org.testng.TestNG.run(TestNG.java:1079)
at org.apache.maven.surefire.testng.TestNGExecutor.run(TestNGExecutor.java:151)
at org.apache.maven.surefire.testng.TestNGDirectoryTestSuite.executeSingleClass(TestNGDirectoryTestSuite.java:111)
at org.apache.maven.surefire.testng.TestNGDirectoryTestSuite.execute(TestNGDirectoryTestSuite.java:98)
at org.apache.maven.surefire.testng.TestNGProvider.invoke(TestNGProvider.java:155)
at org.apache.maven.surefire.booter.ForkedBooter.runSuitesInProcess(ForkedBooter.java:456)
at org.apache.maven.surefire.booter.ForkedBooter.execute(ForkedBooter.java:169)
at org.apache.maven.surefire.booter.ForkedBooter.run(ForkedBooter.java:595)
at org.apache.maven.surefire.booter.ForkedBooter.main(ForkedBooter.java:581)
]]>
            </full-stacktrace>
          </exception> <!-- junit.framework.AssertionFailedError -->
          <reporter-output>
          </reporter-output>
        </test-method> <!-- test3Method6 -->
      </class> <!-- testFiles.Test3 -->
    </test> <!-- Surefire test -->
  </suite> <!-- Surefire suite -->
</testng-results>
